<?xml version="1.0" encoding="utf-8"?>
<!DOCTYPE coverage SYSTEM "http://cobertura.sourceforge.net/xml/coverage-04.dtd">
<coverage timestamp="1583446179484" line-rate="0.889" lines-covered="8" lines-valid="9" branch-rate="0.0" branches-covered="0" branches-valid="0" complexity="0" version="1.9.4.1"><sources><source>/Users/don/Projects/elixir/my_app_project</source></sources><packages><package name="my_app_project.lib" line-rate="0.889" branch-rate="0.0" complexity="0"><classes><class name="Elixir.MyApp.CLI" filename="lib/my_app.ex" line-rate="0.889" branch-rate="0.0" complexity="0"><methods><method name="__info__" signature="__info__/1" line-rate="0.5" branch-rate="0.0"><lines><line number="6" hits="0" branch="False"/><line number="11" hits="1" branch="False"/></lines></method></methods><lines><line number="0" hits="8" branch="False"/><line number="0" hits="11" branch="False"/><line number="0" hits="1" branch="False"/><line number="6" hits="0" branch="False"/><line number="11" hits="1" branch="False"/><line number="16" hits="17" branch="False"/><line number="18" hits="15" branch="False"/><line number="19" hits="10" branch="False"/><line number="20" hits="6" branch="False"/></lines></class></classes></package></packages></coverage>
